This file contains any messages produced by compilers while
running configure, to aid debugging if configure makes a mistake.

It was created by configure, which was
generated by GNU Autoconf 2.69.  Invocation command line was

  $ /home/xiaoa/code/crash/gdb-10.2/etc/configure --srcdir=.././etc --cache-file=./config.cache --with-separate-debug-dir=/usr/lib/debug --with-bugurl= --with-expat=no --with-python=no --disable-sim --program-transform-name=s&^&aarch64-elf-linux-& --disable-option-checking --build=x86_64-pc-linux-gnu --host=x86_64-pc-linux-gnu --target=aarch64-elf-linux

## --------- ##
## Platform. ##
## --------- ##

hostname = DESKTOP-N4CD2CK
uname -m = x86_64
uname -r = 5.15.90.1-microsoft-standard-WSL2
uname -s = Linux
uname -v = #1 SMP Fri Jan 27 02:56:13 UTC 2023

/usr/bin/uname -p = x86_64
/bin/uname -X     = unknown

/bin/arch              = x86_64
/usr/bin/arch -k       = unknown
/usr/convex/getsysinfo = unknown
/usr/bin/hostinfo      = unknown
/bin/machine           = unknown
/usr/bin/oslevel       = unknown
/bin/universe          = unknown

PATH: /home/xiaoa/.vscode-server/bin/f1b07bd25dfad64b0167beb15359ae573aecd2cc/bin/remote-cli
PATH: /usr/local/sbin
PATH: /usr/local/bin
PATH: /usr/sbin
PATH: /usr/bin
PATH: /sbin
PATH: /bin
PATH: /usr/games
PATH: /usr/local/games
PATH: /usr/lib/wsl/lib
PATH: /mnt/c/Windows/system32
PATH: /mnt/c/Windows
PATH: /mnt/c/Windows/System32/Wbem
PATH: /mnt/c/Windows/System32/WindowsPowerShell/v1.0
PATH: /mnt/c/Windows/System32/OpenSSH
PATH: /mnt/c/Program Files/Bandizip
PATH: /mnt/c/Program Files/Git/cmd
PATH: /mnt/d/tools/python36
PATH: /mnt/d/tools/python36/Scripts
PATH: /mnt/c/Program Files (x86)/Qualcomm/QUTSStatusApp
PATH: /mnt/c/PROGRA~2/Qualcomm/Shared/QualcommProfiler/API/host-windows/libs
PATH: /mnt/c/PROGRA~2/Qualcomm/Shared/QualcommProfiler/API/host-windows-64/libs
PATH: /mnt/c/Program Files/Qualcomm/QXDM5
PATH: /mnt/c/Program Files/nodejs
PATH: /mnt/c/Program Files (x86)/Qualcomm/QIKTool/1.0.151.0
PATH: /mnt/c/Program Files (x86)/Qualcomm/QIKToolV3/3.0.20.0
PATH: /mnt/c/Program Files (x86)/Qualcomm/QPM-CLI/1.0.88.0
PATH: /mnt/c/Program Files (x86)/Qualcomm/QPM3/3.0.88.3
PATH: /mnt/c/Users/Mi/AppData/Local/Programs/Python/Python36/Scripts/
PATH: /mnt/c/Users/Mi/AppData/Local/Programs/Python/Python36/
PATH: /mnt/c/Users/Mi/AppData/Local/Microsoft/WindowsApps
PATH: /mnt/d/tools/python36
PATH: /mnt/d/tools/python36/Scripts
PATH: /mnt/c/Users/Mi/AppData/Roaming/npm
PATH: /mnt/c/Program Files/nodejs
PATH: /mnt/d/tools/adb_fastboot_win/adb_fastboot_win


## ----------- ##
## Core tests. ##
## ----------- ##

configure:1603: creating cache ./config.cache
configure:1720: checking for a BSD-compatible install
configure:1788: result: /usr/bin/install -c
configure:1879: updating cache ./config.cache
configure:1964: creating ./config.status

## ---------------------- ##
## Running config.status. ##
## ---------------------- ##

This file was extended by config.status, which was
generated by GNU Autoconf 2.69.  Invocation command line was

  CONFIG_FILES    = 
  CONFIG_HEADERS  = 
  CONFIG_LINKS    = 
  CONFIG_COMMANDS = 
  $ ./config.status 

on DESKTOP-N4CD2CK

config.status:716: creating Makefile

## ---------------- ##
## Cache variables. ##
## ---------------- ##

ac_cv_env_build_alias_set=set
ac_cv_env_build_alias_value=x86_64-pc-linux-gnu
ac_cv_env_host_alias_set=set
ac_cv_env_host_alias_value=x86_64-pc-linux-gnu
ac_cv_env_target_alias_set=set
ac_cv_env_target_alias_value=aarch64-elf-linux

## ----------------- ##
## Output variables. ##
## ----------------- ##

DEFS='-DPACKAGE_NAME=\"\" -DPACKAGE_TARNAME=\"\" -DPACKAGE_VERSION=\"\" -DPACKAGE_STRING=\"\" -DPACKAGE_BUGREPORT=\"\" -DPACKAGE_URL=\"\"'
ECHO_C=''
ECHO_N='-n'
ECHO_T=''
INSTALL_DATA='/usr/bin/install -c -m 644'
INSTALL_PROGRAM='/usr/bin/install -c'
INSTALL_SCRIPT='/usr/bin/install -c'
LIBOBJS=''
LIBS=''
LTLIBOBJS=''
MAINT='#'
PACKAGE_BUGREPORT=''
PACKAGE_NAME=''
PACKAGE_STRING=''
PACKAGE_TARNAME=''
PACKAGE_URL=''
PACKAGE_VERSION=''
PATH_SEPARATOR=':'
SHELL='/bin/bash'
bindir='${exec_prefix}/bin'
build_alias='x86_64-pc-linux-gnu'
datadir='${datarootdir}'
datarootdir='${prefix}/share'
docdir='${datarootdir}/doc/${PACKAGE}'
dvidir='${docdir}'
exec_prefix='${prefix}'
host_alias='x86_64-pc-linux-gnu'
htmldir='${docdir}'
includedir='${prefix}/include'
infodir='${datarootdir}/info'
libdir='${exec_prefix}/lib'
libexecdir='${exec_prefix}/libexec'
localedir='${datarootdir}/locale'
localstatedir='${prefix}/var'
mandir='${datarootdir}/man'
oldincludedir='/usr/include'
pdfdir='${docdir}'
prefix='/usr/local'
program_transform_name='s&^&aarch64-elf-linux-&'
psdir='${docdir}'
sbindir='${exec_prefix}/sbin'
sharedstatedir='${prefix}/com'
sysconfdir='${prefix}/etc'
target_alias='aarch64-elf-linux'

## ----------- ##
## confdefs.h. ##
## ----------- ##

/* confdefs.h */
#define PACKAGE_NAME ""
#define PACKAGE_TARNAME ""
#define PACKAGE_VERSION ""
#define PACKAGE_STRING ""
#define PACKAGE_BUGREPORT ""
#define PACKAGE_URL ""

configure: exit 0
