This file contains any messages produced by compilers while
running configure, to aid debugging if configure makes a mistake.

It was created by libctf configure 1.2.0, which was
generated by GNU Autoconf 2.69.  Invocation command line was

  $ /home/xiaoa/code/crash/gdb-10.2/libctf/configure --srcdir=.././libctf --cache-file=./config.cache --with-separate-debug-dir=/usr/lib/debug --with-bugurl= --with-expat=no --with-python=no --disable-sim --program-transform-name=s&^&aarch64-elf-linux-& --disable-option-checking --build=x86_64-pc-linux-gnu --host=x86_64-pc-linux-gnu --target=aarch64-elf-linux

## --------- ##
## Platform. ##
## --------- ##

hostname = DESKTOP-N4CD2CK
uname -m = x86_64
uname -r = 5.15.90.1-microsoft-standard-WSL2
uname -s = Linux
uname -v = #1 SMP Fri Jan 27 02:56:13 UTC 2023

/usr/bin/uname -p = x86_64
/bin/uname -X     = unknown

/bin/arch              = x86_64
/usr/bin/arch -k       = unknown
/usr/convex/getsysinfo = unknown
/usr/bin/hostinfo      = unknown
/bin/machine           = unknown
/usr/bin/oslevel       = unknown
/bin/universe          = unknown

PATH: /home/xiaoa/.vscode-server/bin/f1b07bd25dfad64b0167beb15359ae573aecd2cc/bin/remote-cli
PATH: /usr/local/sbin
PATH: /usr/local/bin
PATH: /usr/sbin
PATH: /usr/bin
PATH: /sbin
PATH: /bin
PATH: /usr/games
PATH: /usr/local/games
PATH: /usr/lib/wsl/lib
PATH: /mnt/c/Windows/system32
PATH: /mnt/c/Windows
PATH: /mnt/c/Windows/System32/Wbem
PATH: /mnt/c/Windows/System32/WindowsPowerShell/v1.0
PATH: /mnt/c/Windows/System32/OpenSSH
PATH: /mnt/c/Program Files/Bandizip
PATH: /mnt/c/Program Files/Git/cmd
PATH: /mnt/d/tools/python36
PATH: /mnt/d/tools/python36/Scripts
PATH: /mnt/c/Program Files (x86)/Qualcomm/QUTSStatusApp
PATH: /mnt/c/PROGRA~2/Qualcomm/Shared/QualcommProfiler/API/host-windows/libs
PATH: /mnt/c/PROGRA~2/Qualcomm/Shared/QualcommProfiler/API/host-windows-64/libs
PATH: /mnt/c/Program Files/Qualcomm/QXDM5
PATH: /mnt/c/Program Files/nodejs
PATH: /mnt/c/Program Files (x86)/Qualcomm/QIKTool/1.0.151.0
PATH: /mnt/c/Program Files (x86)/Qualcomm/QIKToolV3/3.0.20.0
PATH: /mnt/c/Program Files (x86)/Qualcomm/QPM-CLI/1.0.88.0
PATH: /mnt/c/Program Files (x86)/Qualcomm/QPM3/3.0.88.3
PATH: /mnt/c/Users/Mi/AppData/Local/Programs/Python/Python36/Scripts/
PATH: /mnt/c/Users/Mi/AppData/Local/Programs/Python/Python36/
PATH: /mnt/c/Users/Mi/AppData/Local/Microsoft/WindowsApps
PATH: /mnt/d/tools/python36
PATH: /mnt/d/tools/python36/Scripts
PATH: /mnt/c/Users/Mi/AppData/Roaming/npm
PATH: /mnt/c/Program Files/nodejs
PATH: /mnt/d/tools/adb_fastboot_win/adb_fastboot_win


## ----------- ##
## Core tests. ##
## ----------- ##

configure:2221: creating cache ./config.cache
configure:2344: checking for x86_64-pc-linux-gnu-gcc
configure:2371: result: gcc
configure:2640: checking for C compiler version
configure:2649: gcc --version >&5
gcc (Ubuntu 11.4.0-1ubuntu1~22.04) 11.4.0
Copyright (C) 2021 Free Software Foundation, Inc.
This is free software; see the source for copying conditions.  There is NO
warranty; not even for MERCHANTABILITY or FITNESS FOR A PARTICULAR PURPOSE.

configure:2660: $? = 0
configure:2649: gcc -v >&5
Using built-in specs.
COLLECT_GCC=gcc
COLLECT_LTO_WRAPPER=/usr/lib/gcc/x86_64-linux-gnu/11/lto-wrapper
OFFLOAD_TARGET_NAMES=nvptx-none:amdgcn-amdhsa
OFFLOAD_TARGET_DEFAULT=1
Target: x86_64-linux-gnu
Configured with: ../src/configure -v --with-pkgversion='Ubuntu 11.4.0-1ubuntu1~22.04' --with-bugurl=file:///usr/share/doc/gcc-11/README.Bugs --enable-languages=c,ada,c++,go,brig,d,fortran,objc,obj-c++,m2 --prefix=/usr --with-gcc-major-version-only --program-suffix=-11 --program-prefix=x86_64-linux-gnu- --enable-shared --enable-linker-build-id --libexecdir=/usr/lib --without-included-gettext --enable-threads=posix --libdir=/usr/lib --enable-nls --enable-bootstrap --enable-clocale=gnu --enable-libstdcxx-debug --enable-libstdcxx-time=yes --with-default-libstdcxx-abi=new --enable-gnu-unique-object --disable-vtable-verify --enable-plugin --enable-default-pie --with-system-zlib --enable-libphobos-checking=release --with-target-system-zlib=auto --enable-objc-gc=auto --enable-multiarch --disable-werror --enable-cet --with-arch-32=i686 --with-abi=m64 --with-multilib-list=m32,m64,mx32 --enable-multilib --with-tune=generic --enable-offload-targets=nvptx-none=/build/gcc-11-XeT9lY/gcc-11-11.4.0/debian/tmp-nvptx/usr,amdgcn-amdhsa=/build/gcc-11-XeT9lY/gcc-11-11.4.0/debian/tmp-gcn/usr --without-cuda-driver --enable-checking=release --build=x86_64-linux-gnu --host=x86_64-linux-gnu --target=x86_64-linux-gnu --with-build-config=bootstrap-lto-lean --enable-link-serialization=2
Thread model: posix
Supported LTO compression algorithms: zlib zstd
gcc version 11.4.0 (Ubuntu 11.4.0-1ubuntu1~22.04) 
... rest of stderr output deleted ...
configure:2660: $? = 0
configure:2649: gcc -V >&5
gcc: error: unrecognized command-line option '-V'
gcc: fatal error: no input files
compilation terminated.
configure:2660: $? = 1
configure:2649: gcc -qversion >&5
gcc: error: unrecognized command-line option '-qversion'; did you mean '--version'?
gcc: fatal error: no input files
compilation terminated.
configure:2660: $? = 1
configure:2680: checking whether the C compiler works
configure:2702: gcc -g -O2    conftest.c  >&5
configure:2706: $? = 0
configure:2754: result: yes
configure:2757: checking for C compiler default output file name
configure:2759: result: a.out
configure:2765: checking for suffix of executables
configure:2772: gcc -o conftest -g -O2    conftest.c  >&5
configure:2776: $? = 0
configure:2798: result: 
configure:2820: checking whether we are cross compiling
configure:2828: gcc -o conftest -g -O2    conftest.c  >&5
configure:2832: $? = 0
configure:2839: ./conftest
configure:2843: $? = 0
configure:2858: result: no
configure:2863: checking for suffix of object files
configure:2885: gcc -c -g -O2  conftest.c >&5
configure:2889: $? = 0
configure:2910: result: o
configure:2914: checking whether we are using the GNU C compiler
configure:2933: gcc -c -g -O2  conftest.c >&5
configure:2933: $? = 0
configure:2942: result: yes
configure:2951: checking whether gcc accepts -g
configure:2971: gcc -c -g  conftest.c >&5
configure:2971: $? = 0
configure:3012: result: yes
configure:3029: checking for gcc option to accept ISO C89
configure:3092: gcc  -c -g -O2  conftest.c >&5
configure:3092: $? = 0
configure:3105: result: none needed
configure:3130: checking whether gcc understands -c and -o together
configure:3152: gcc -c conftest.c -o conftest2.o
configure:3155: $? = 0
configure:3152: gcc -c conftest.c -o conftest2.o
configure:3155: $? = 0
configure:3167: result: yes
configure:3190: checking how to run the C preprocessor
configure:3221: gcc -E  conftest.c
configure:3221: $? = 0
configure:3235: gcc -E  conftest.c
conftest.c:9:10: fatal error: ac_nonexistent.h: No such file or directory
    9 | #include <ac_nonexistent.h>
      |          ^~~~~~~~~~~~~~~~~~
compilation terminated.
configure:3235: $? = 1
configure: failed program was:
| /* confdefs.h */
| #define PACKAGE_NAME "libctf"
| #define PACKAGE_TARNAME "libctf"
| #define PACKAGE_VERSION "1.2.0"
| #define PACKAGE_STRING "libctf 1.2.0"
| #define PACKAGE_BUGREPORT ""
| #define PACKAGE_URL ""
| /* end confdefs.h.  */
| #include <ac_nonexistent.h>
configure:3260: result: gcc -E
configure:3280: gcc -E  conftest.c
configure:3280: $? = 0
configure:3294: gcc -E  conftest.c
conftest.c:9:10: fatal error: ac_nonexistent.h: No such file or directory
    9 | #include <ac_nonexistent.h>
      |          ^~~~~~~~~~~~~~~~~~
compilation terminated.
configure:3294: $? = 1
configure: failed program was:
| /* confdefs.h */
| #define PACKAGE_NAME "libctf"
| #define PACKAGE_TARNAME "libctf"
| #define PACKAGE_VERSION "1.2.0"
| #define PACKAGE_STRING "libctf 1.2.0"
| #define PACKAGE_BUGREPORT ""
| #define PACKAGE_URL ""
| /* end confdefs.h.  */
| #include <ac_nonexistent.h>
configure:3323: checking for grep that handles long lines and -e
configure:3381: result: /usr/bin/grep
configure:3386: checking for egrep
configure:3448: result: /usr/bin/grep -E
configure:3453: checking for ANSI C header files
configure:3473: gcc -c -g -O2  conftest.c >&5
configure:3473: $? = 0
configure:3546: gcc -o conftest -g -O2    conftest.c  >&5
configure:3546: $? = 0
configure:3546: ./conftest
configure:3546: $? = 0
configure:3557: result: yes
configure:3570: checking for sys/types.h
configure:3570: gcc -c -g -O2  conftest.c >&5
configure:3570: $? = 0
configure:3570: result: yes
configure:3570: checking for sys/stat.h
configure:3570: gcc -c -g -O2  conftest.c >&5
configure:3570: $? = 0
configure:3570: result: yes
configure:3570: checking for stdlib.h
configure:3570: gcc -c -g -O2  conftest.c >&5
configure:3570: $? = 0
configure:3570: result: yes
configure:3570: checking for string.h
configure:3570: gcc -c -g -O2  conftest.c >&5
configure:3570: $? = 0
configure:3570: result: yes
configure:3570: checking for memory.h
configure:3570: gcc -c -g -O2  conftest.c >&5
configure:3570: $? = 0
configure:3570: result: yes
configure:3570: checking for strings.h
configure:3570: gcc -c -g -O2  conftest.c >&5
configure:3570: $? = 0
configure:3570: result: yes
configure:3570: checking for inttypes.h
configure:3570: gcc -c -g -O2  conftest.c >&5
configure:3570: $? = 0
configure:3570: result: yes
configure:3570: checking for stdint.h
configure:3570: gcc -c -g -O2  conftest.c >&5
configure:3570: $? = 0
configure:3570: result: yes
configure:3570: checking for unistd.h
configure:3570: gcc -c -g -O2  conftest.c >&5
configure:3570: $? = 0
configure:3570: result: yes
configure:3583: checking minix/config.h usability
configure:3583: gcc -c -g -O2  conftest.c >&5
conftest.c:52:10: fatal error: minix/config.h: No such file or directory
   52 | #include <minix/config.h>
      |          ^~~~~~~~~~~~~~~~
compilation terminated.
configure:3583: $? = 1
configure: failed program was:
| /* confdefs.h */
| #define PACKAGE_NAME "libctf"
| #define PACKAGE_TARNAME "libctf"
| #define PACKAGE_VERSION "1.2.0"
| #define PACKAGE_STRING "libctf 1.2.0"
| #define PACKAGE_BUGREPORT ""
| #define PACKAGE_URL ""
| #define STDC_HEADERS 1
| #define HAVE_SYS_TYPES_H 1
| #define HAVE_SYS_STAT_H 1
| #define HAVE_STDLIB_H 1
| #define HAVE_STRING_H 1
| #define HAVE_MEMORY_H 1
| #define HAVE_STRINGS_H 1
| #define HAVE_INTTYPES_H 1
| #define HAVE_STDINT_H 1
| #define HAVE_UNISTD_H 1
| /* end confdefs.h.  */
| #include <stdio.h>
| #ifdef HAVE_SYS_TYPES_H
| # include <sys/types.h>
| #endif
| #ifdef HAVE_SYS_STAT_H
| # include <sys/stat.h>
| #endif
| #ifdef STDC_HEADERS
| # include <stdlib.h>
| # include <stddef.h>
| #else
| # ifdef HAVE_STDLIB_H
| #  include <stdlib.h>
| # endif
| #endif
| #ifdef HAVE_STRING_H
| # if !defined STDC_HEADERS && defined HAVE_MEMORY_H
| #  include <memory.h>
| # endif
| # include <string.h>
| #endif
| #ifdef HAVE_STRINGS_H
| # include <strings.h>
| #endif
| #ifdef HAVE_INTTYPES_H
| # include <inttypes.h>
| #endif
| #ifdef HAVE_STDINT_H
| # include <stdint.h>
| #endif
| #ifdef HAVE_UNISTD_H
| # include <unistd.h>
| #endif
| #include <minix/config.h>
configure:3583: result: no
configure:3583: checking minix/config.h presence
configure:3583: gcc -E  conftest.c
conftest.c:19:10: fatal error: minix/config.h: No such file or directory
   19 | #include <minix/config.h>
      |          ^~~~~~~~~~~~~~~~
compilation terminated.
configure:3583: $? = 1
configure: failed program was:
| /* confdefs.h */
| #define PACKAGE_NAME "libctf"
| #define PACKAGE_TARNAME "libctf"
| #define PACKAGE_VERSION "1.2.0"
| #define PACKAGE_STRING "libctf 1.2.0"
| #define PACKAGE_BUGREPORT ""
| #define PACKAGE_URL ""
| #define STDC_HEADERS 1
| #define HAVE_SYS_TYPES_H 1
| #define HAVE_SYS_STAT_H 1
| #define HAVE_STDLIB_H 1
| #define HAVE_STRING_H 1
| #define HAVE_MEMORY_H 1
| #define HAVE_STRINGS_H 1
| #define HAVE_INTTYPES_H 1
| #define HAVE_STDINT_H 1
| #define HAVE_UNISTD_H 1
| /* end confdefs.h.  */
| #include <minix/config.h>
configure:3583: result: no
configure:3583: checking for minix/config.h
configure:3583: result: no
configure:3604: checking whether it is safe to define __EXTENSIONS__
configure:3622: gcc -c -g -O2  conftest.c >&5
configure:3622: $? = 0
configure:3629: result: yes
configure:3659: checking for a BSD-compatible install
configure:3727: result: /usr/bin/install -c
configure:3738: checking whether build environment is sane
configure:3793: result: yes
configure:3941: checking for a thread-safe mkdir -p
configure:3980: result: /usr/bin/mkdir -p
configure:3987: checking for gawk
configure:4014: result: gawk
configure:4025: checking whether make sets $(MAKE)
configure:4047: result: yes
configure:4077: checking for style of include used by make
configure:4105: result: GNU
configure:4139: checking whether make supports nested variables
configure:4156: result: yes
configure:4241: checking dependency style of gcc
configure:4352: result: gcc3
configure:4412: checking whether make sets $(MAKE)
configure:4434: result: yes
configure:4451: checking for x86_64-pc-linux-gnu-gcc
configure:4478: result: gcc
configure:4747: checking for C compiler version
configure:4756: gcc --version >&5
gcc (Ubuntu 11.4.0-1ubuntu1~22.04) 11.4.0
Copyright (C) 2021 Free Software Foundation, Inc.
This is free software; see the source for copying conditions.  There is NO
warranty; not even for MERCHANTABILITY or FITNESS FOR A PARTICULAR PURPOSE.

configure:4767: $? = 0
configure:4756: gcc -v >&5
Using built-in specs.
COLLECT_GCC=gcc
COLLECT_LTO_WRAPPER=/usr/lib/gcc/x86_64-linux-gnu/11/lto-wrapper
OFFLOAD_TARGET_NAMES=nvptx-none:amdgcn-amdhsa
OFFLOAD_TARGET_DEFAULT=1
Target: x86_64-linux-gnu
Configured with: ../src/configure -v --with-pkgversion='Ubuntu 11.4.0-1ubuntu1~22.04' --with-bugurl=file:///usr/share/doc/gcc-11/README.Bugs --enable-languages=c,ada,c++,go,brig,d,fortran,objc,obj-c++,m2 --prefix=/usr --with-gcc-major-version-only --program-suffix=-11 --program-prefix=x86_64-linux-gnu- --enable-shared --enable-linker-build-id --libexecdir=/usr/lib --without-included-gettext --enable-threads=posix --libdir=/usr/lib --enable-nls --enable-bootstrap --enable-clocale=gnu --enable-libstdcxx-debug --enable-libstdcxx-time=yes --with-default-libstdcxx-abi=new --enable-gnu-unique-object --disable-vtable-verify --enable-plugin --enable-default-pie --with-system-zlib --enable-libphobos-checking=release --with-target-system-zlib=auto --enable-objc-gc=auto --enable-multiarch --disable-werror --enable-cet --with-arch-32=i686 --with-abi=m64 --with-multilib-list=m32,m64,mx32 --enable-multilib --with-tune=generic --enable-offload-targets=nvptx-none=/build/gcc-11-XeT9lY/gcc-11-11.4.0/debian/tmp-nvptx/usr,amdgcn-amdhsa=/build/gcc-11-XeT9lY/gcc-11-11.4.0/debian/tmp-gcn/usr --without-cuda-driver --enable-checking=release --build=x86_64-linux-gnu --host=x86_64-linux-gnu --target=x86_64-linux-gnu --with-build-config=bootstrap-lto-lean --enable-link-serialization=2
Thread model: posix
Supported LTO compression algorithms: zlib zstd
gcc version 11.4.0 (Ubuntu 11.4.0-1ubuntu1~22.04) 
... rest of stderr output deleted ...
configure:4767: $? = 0
configure:4756: gcc -V >&5
gcc: error: unrecognized command-line option '-V'
gcc: fatal error: no input files
compilation terminated.
configure:4767: $? = 1
configure:4756: gcc -qversion >&5
gcc: error: unrecognized command-line option '-qversion'; did you mean '--version'?
gcc: fatal error: no input files
compilation terminated.
configure:4767: $? = 1
configure:4771: checking whether we are using the GNU C compiler
configure:4799: result: yes
configure:4808: checking whether gcc accepts -g
configure:4869: result: yes
configure:4886: checking for gcc option to accept ISO C89
configure:4962: result: none needed
configure:4987: checking whether gcc understands -c and -o together
configure:5024: result: yes
configure:5044: checking for x86_64-pc-linux-gnu-ranlib
configure:5071: result: ranlib
configure:5138: checking for x86_64-pc-linux-gnu-ar
configure:5165: result: ar
configure:5235: checking the archiver (ar) interface
configure:5251: gcc -c -g -O2  conftest.c >&5
configure:5251: $? = 0
configure:5253: ar cru libconftest.a conftest.o >&5
ar: `u' modifier ignored since `D' is the default (see `U')
configure:5256: $? = 0
configure:5284: result: ar
configure:5317: checking whether NLS is requested
configure:5323: result: yes
configure:5329: checking for catalogs to be installed
configure:5361: result: 
configure:5436: checking build system type
configure:5450: result: x86_64-pc-linux-gnu
configure:5470: checking host system type
configure:5483: result: x86_64-pc-linux-gnu
configure:5524: checking how to print strings
configure:5551: result: printf
configure:5572: checking for a sed that does not truncate output
configure:5636: result: /usr/bin/sed
configure:5654: checking for fgrep
configure:5716: result: /usr/bin/grep -F
configure:5751: checking for ld used by gcc
configure:5818: result: ld
configure:5825: checking if the linker (ld) is GNU ld
configure:5840: result: yes
configure:5852: checking for BSD- or MS-compatible name lister (nm)
configure:5901: result: nm
configure:6031: checking the name lister (nm) interface
configure:6038: gcc -c -g -O2  conftest.c >&5
configure:6041: nm "conftest.o"
configure:6044: output
0000000000000000 B some_variable
configure:6051: result: BSD nm
configure:6054: checking whether ln -s works
configure:6058: result: yes
configure:6066: checking the maximum length of command line arguments
configure:6191: result: 1572864
configure:6208: checking whether the shell understands some XSI constructs
configure:6218: result: yes
configure:6222: checking whether the shell understands "+="
configure:6228: result: yes
configure:6263: checking for ld option to reload object files
configure:6270: result: -r
configure:6299: checking for x86_64-pc-linux-gnu-objdump
configure:6326: result: objdump
configure:6398: checking how to recognize dependent libraries
configure:6599: result: pass_all
configure:6619: checking for x86_64-pc-linux-gnu-ar
configure:6646: result: ar
configure:6724: checking for x86_64-pc-linux-gnu-strip
configure:6754: result: no
configure:6764: checking for strip
configure:6780: found /usr/bin/strip
configure:6791: result: strip
configure:6823: checking for x86_64-pc-linux-gnu-ranlib
configure:6850: result: ranlib
configure:6992: checking command to parse nm output from gcc object
configure:7110: gcc -c -g -O2  conftest.c >&5
configure:7113: $? = 0
configure:7117: nm conftest.o \| sed -n -e 's/^.*[ ]\([ABCDGIRSTW][ABCDGIRSTW]*\)[ ][ ]*\([_A-Za-z][_A-Za-z0-9]*\)$/\1 \2 \2/p' \> conftest.nm
configure:7120: $? = 0
configure:7174: gcc -o conftest -g -O2    conftest.c conftstm.o >&5
configure:7177: $? = 0
configure:7215: result: ok
configure:7310: gcc -c -g -O2  conftest.c >&5
configure:7313: $? = 0
configure:8063: checking for dlfcn.h
configure:8063: gcc -c -g -O2  conftest.c >&5
configure:8063: $? = 0
configure:8063: result: yes
configure:8220: checking for objdir
configure:8235: result: .libs
configure:8506: checking if gcc supports -fno-rtti -fno-exceptions
configure:8524: gcc -c -g -O2  -fno-rtti -fno-exceptions conftest.c >&5
cc1: warning: command-line option '-fno-rtti' is valid for C++/D/ObjC++ but not for C
configure:8528: $? = 0
configure:8541: result: no
configure:8561: checking for gcc option to produce PIC
configure:8847: result: -fPIC -DPIC
configure:8859: checking if gcc PIC flag -fPIC -DPIC works
configure:8877: gcc -c -g -O2  -fPIC -DPIC -DPIC conftest.c >&5
configure:8881: $? = 0
configure:8894: result: yes
configure:8918: checking if gcc static flag -static works
configure:8946: result: yes
configure:8961: checking if gcc supports -c -o file.o
configure:8982: gcc -c -g -O2  -o out/conftest2.o conftest.c >&5
configure:8986: $? = 0
configure:9008: result: yes
configure:9016: checking if gcc supports -c -o file.o
configure:9063: result: yes
configure:9096: checking whether the gcc linker (ld -m elf_x86_64) supports shared libraries
configure:10167: result: yes
configure:10412: checking dynamic linker characteristics
configure:10863: gcc -o conftest -g -O2    -Wl,-rpath -Wl,/foo conftest.c  >&5
configure:10863: $? = 0
configure:11085: result: GNU/Linux ld.so
configure:11192: checking how to hardcode library paths into programs
configure:11217: result: immediate
configure:11757: checking whether stripping libraries is possible
configure:11762: result: yes
configure:11797: checking if libtool supports shared libraries
configure:11799: result: yes
configure:11802: checking whether to build shared libraries
configure:11823: result: no
configure:11826: checking whether to build static libraries
configure:11830: result: yes
configure:11872: checking for special C compiler options needed for large files
configure:11917: result: no
configure:11923: checking for _FILE_OFFSET_BITS value needed for large files
configure:11948: gcc -c -g -O2  conftest.c >&5
configure:11948: $? = 0
configure:11980: result: no
configure:12071: checking for aclocal
configure:12098: result: ${SHELL} /home/xiaoa/code/crash/gdb-10.2/missing aclocal-1.15
configure:12114: checking for autoconf
configure:12141: result: ${SHELL} /home/xiaoa/code/crash/gdb-10.2/missing autoconf
configure:12157: checking for autoheader
configure:12184: result: ${SHELL} /home/xiaoa/code/crash/gdb-10.2/missing autoheader
configure:12218: checking whether gcc supports -W
configure:12235: gcc -c -W  conftest.c >&5
configure:12235: $? = 0
configure:12244: result: yes
configure:12218: checking whether gcc supports -Wall
configure:12235: gcc -c -Wall  conftest.c >&5
configure:12235: $? = 0
configure:12244: result: yes
configure:12218: checking whether gcc supports -Wnarrowing
configure:12235: gcc -c -Wnarrowing  conftest.c >&5
configure:12235: $? = 0
configure:12244: result: yes
configure:12218: checking whether gcc supports -Wwrite-strings
configure:12235: gcc -c -Wwrite-strings  conftest.c >&5
configure:12235: $? = 0
configure:12244: result: yes
configure:12218: checking whether gcc supports -Wmissing-format-attribute
configure:12235: gcc -c -Wmissing-format-attribute  conftest.c >&5
configure:12235: $? = 0
configure:12244: result: yes
configure:12276: checking whether gcc supports -Wstrict-prototypes
configure:12293: gcc -c -Wstrict-prototypes  conftest.c >&5
conftest.c:31:1: warning: function declaration isn't a prototype [-Wstrict-prototypes]
   31 | main ()
      | ^~~~
configure:12293: $? = 0
configure:12302: result: yes
configure:12276: checking whether gcc supports -Wmissing-prototypes
configure:12293: gcc -c -Wmissing-prototypes  conftest.c >&5
configure:12293: $? = 0
configure:12302: result: yes
configure:12276: checking whether gcc supports -Wold-style-definition
configure:12293: gcc -c -Wold-style-definition  conftest.c >&5
conftest.c: In function 'main':
conftest.c:31:1: warning: old-style function definition [-Wold-style-definition]
   31 | main ()
      | ^~~~
configure:12293: $? = 0
configure:12302: result: yes
configure:12326: checking whether gcc supports -pedantic -Wlong-long
configure:12344: gcc -c -pedantic -Wlong-long  conftest.c >&5
configure:12344: $? = 0
configure:12352: result: yes
configure:12396: checking whether to enable maintainer-specific portions of Makefiles
configure:12405: result: no
configure:12433: checking whether to install libbfd
configure:12446: result: no
configure:12491: checking whether gcc supports -Wall
configure:12517: result: yes
configure:12538: checking for stdlib.h
configure:12538: result: yes
configure:12538: checking for unistd.h
configure:12538: result: yes
configure:12538: checking for sys/param.h
configure:12538: gcc -c -g -O2  conftest.c >&5
configure:12538: $? = 0
configure:12538: result: yes
configure:12558: checking for getpagesize
configure:12558: gcc -o conftest -g -O2    conftest.c  >&5
configure:12558: $? = 0
configure:12558: result: yes
configure:12567: checking for working mmap
configure:12714: gcc -o conftest -g -O2    conftest.c  >&5
configure:12714: $? = 0
configure:12714: ./conftest
configure:12714: $? = 0
configure:12724: result: yes
configure:12734: checking for library containing dlopen
configure:12765: gcc -o conftest -g -O2    conftest.c  >&5
configure:12765: $? = 0
configure:12782: result: none required
configure:12847: checking for ELF support in BFD
configure:12866: gcc -o conftest -I./../include -I../bfd -I./../bfd -g -O2  -L../bfd -L../libiberty -L../zlib   conftest.c -lbfd -liberty -lz   >&5
configure:12866: $? = 0
configure:12874: result: yes
configure:12886: checking whether byte ordering is bigendian
configure:12901: gcc -c -g -O2  conftest.c >&5
conftest.c:36:16: error: unknown type name 'not'
   36 |                not a universal capable compiler
      |                ^~~
conftest.c:36:22: error: expected '=', ',', ';', 'asm' or '__attribute__' before 'universal'
   36 |                not a universal capable compiler
      |                      ^~~~~~~~~
conftest.c:36:22: error: unknown type name 'universal'
configure:12901: $? = 1
configure: failed program was:
| /* confdefs.h */
| #define PACKAGE_NAME "libctf"
| #define PACKAGE_TARNAME "libctf"
| #define PACKAGE_VERSION "1.2.0"
| #define PACKAGE_STRING "libctf 1.2.0"
| #define PACKAGE_BUGREPORT ""
| #define PACKAGE_URL ""
| #define STDC_HEADERS 1
| #define HAVE_SYS_TYPES_H 1
| #define HAVE_SYS_STAT_H 1
| #define HAVE_STDLIB_H 1
| #define HAVE_STRING_H 1
| #define HAVE_MEMORY_H 1
| #define HAVE_STRINGS_H 1
| #define HAVE_INTTYPES_H 1
| #define HAVE_STDINT_H 1
| #define HAVE_UNISTD_H 1
| #define __EXTENSIONS__ 1
| #define _ALL_SOURCE 1
| #define _GNU_SOURCE 1
| #define _POSIX_PTHREAD_SEMANTICS 1
| #define _TANDEM_SOURCE 1
| #define PACKAGE "libctf"
| #define VERSION "1.2.0"
| #define ENABLE_NLS 1
| #define HAVE_DLFCN_H 1
| #define LT_OBJDIR ".libs/"
| #define HAVE_STDLIB_H 1
| #define HAVE_UNISTD_H 1
| #define HAVE_SYS_PARAM_H 1
| #define HAVE_GETPAGESIZE 1
| #define HAVE_MMAP 1
| #define HAVE_BFD_ELF 1
| /* end confdefs.h.  */
| #ifndef __APPLE_CC__
| 	       not a universal capable compiler
| 	     #endif
| 	     typedef int dummy;
| 
configure:12946: gcc -c -g -O2  conftest.c >&5
configure:12946: $? = 0
configure:12964: gcc -c -g -O2  conftest.c >&5
conftest.c: In function 'main':
conftest.c:42:18: error: unknown type name 'not'; did you mean 'ino_t'?
   42 |                  not big endian
      |                  ^~~
      |                  ino_t
conftest.c:42:26: error: expected '=', ',', ';', 'asm' or '__attribute__' before 'endian'
   42 |                  not big endian
      |                          ^~~~~~
configure:12964: $? = 1
configure: failed program was:
| /* confdefs.h */
| #define PACKAGE_NAME "libctf"
| #define PACKAGE_TARNAME "libctf"
| #define PACKAGE_VERSION "1.2.0"
| #define PACKAGE_STRING "libctf 1.2.0"
| #define PACKAGE_BUGREPORT ""
| #define PACKAGE_URL ""
| #define STDC_HEADERS 1
| #define HAVE_SYS_TYPES_H 1
| #define HAVE_SYS_STAT_H 1
| #define HAVE_STDLIB_H 1
| #define HAVE_STRING_H 1
| #define HAVE_MEMORY_H 1
| #define HAVE_STRINGS_H 1
| #define HAVE_INTTYPES_H 1
| #define HAVE_STDINT_H 1
| #define HAVE_UNISTD_H 1
| #define __EXTENSIONS__ 1
| #define _ALL_SOURCE 1
| #define _GNU_SOURCE 1
| #define _POSIX_PTHREAD_SEMANTICS 1
| #define _TANDEM_SOURCE 1
| #define PACKAGE "libctf"
| #define VERSION "1.2.0"
| #define ENABLE_NLS 1
| #define HAVE_DLFCN_H 1
| #define LT_OBJDIR ".libs/"
| #define HAVE_STDLIB_H 1
| #define HAVE_UNISTD_H 1
| #define HAVE_SYS_PARAM_H 1
| #define HAVE_GETPAGESIZE 1
| #define HAVE_MMAP 1
| #define HAVE_BFD_ELF 1
| /* end confdefs.h.  */
| #include <sys/types.h>
| 		#include <sys/param.h>
| 
| int
| main ()
| {
| #if BYTE_ORDER != BIG_ENDIAN
| 		 not big endian
| 		#endif
| 
|   ;
|   return 0;
| }
configure:13092: result: no
configure:13113: checking byteswap.h usability
configure:13113: gcc -c -g -O2  conftest.c >&5
configure:13113: $? = 0
configure:13113: result: yes
configure:13113: checking byteswap.h presence
configure:13113: gcc -E  conftest.c
configure:13113: $? = 0
configure:13113: result: yes
configure:13113: checking for byteswap.h
configure:13113: result: yes
configure:13113: checking endian.h usability
configure:13113: gcc -c -g -O2  conftest.c >&5
configure:13113: $? = 0
configure:13113: result: yes
configure:13113: checking endian.h presence
configure:13113: gcc -E  conftest.c
configure:13113: $? = 0
configure:13113: result: yes
configure:13113: checking for endian.h
configure:13113: result: yes
configure:13125: checking for pread
configure:13125: gcc -o conftest -g -O2    conftest.c  >&5
configure:13125: $? = 0
configure:13125: result: yes
configure:13135: checking whether bswap_16 is declared
configure:13135: gcc -c -g -O2  conftest.c >&5
configure:13135: $? = 0
configure:13135: result: yes
configure:13146: checking whether bswap_32 is declared
configure:13146: gcc -c -g -O2  conftest.c >&5
configure:13146: $? = 0
configure:13146: result: yes
configure:13157: checking whether bswap_64 is declared
configure:13157: gcc -c -g -O2  conftest.c >&5
configure:13157: $? = 0
configure:13157: result: yes
configure:13169: checking whether asprintf is declared
configure:13169: gcc -c -g -O2  conftest.c >&5
configure:13169: $? = 0
configure:13169: result: yes
configure:13179: checking whether vasprintf is declared
configure:13179: gcc -c -g -O2  conftest.c >&5
configure:13179: $? = 0
configure:13179: result: yes
configure:13189: checking whether stpcpy is declared
configure:13189: gcc -c -g -O2  conftest.c >&5
configure:13189: $? = 0
configure:13189: result: yes
configure:13207: checking for qsort_r
configure:13207: gcc -o conftest -g -O2    conftest.c  >&5
configure:13207: $? = 0
configure:13207: result: yes
configure:13220: checking for qsort_r signature
configure:13246: gcc -o conftest -g -O2    conftest.c  >&5
configure:13246: $? = 0
configure:13280: result: GNU
configure:13303: checking for O_CLOEXEC
configure:13323: gcc -o conftest -g -O2    conftest.c  >&5
configure:13323: $? = 0
configure:13331: result: yes
configure:13457: updating cache ./config.cache
configure:13501: checking that generated files are newer than configure
configure:13507: result: done
configure:13547: creating ./config.status

## ---------------------- ##
## Running config.status. ##
## ---------------------- ##

This file was extended by libctf config.status 1.2.0, which was
generated by GNU Autoconf 2.69.  Invocation command line was

  CONFIG_FILES    = 
  CONFIG_HEADERS  = 
  CONFIG_LINKS    = 
  CONFIG_COMMANDS = 
  $ ./config.status 

on DESKTOP-N4CD2CK

config.status:1129: creating Makefile
config.status:1129: creating config.h
config.status:1358: executing depfiles commands
config.status:1358: executing libtool commands

## ---------------- ##
## Cache variables. ##
## ---------------- ##

ac_cv_build=x86_64-pc-linux-gnu
ac_cv_c_bigendian=no
ac_cv_c_compiler_gnu=yes
ac_cv_env_CC_set=set
ac_cv_env_CC_value=gcc
ac_cv_env_CFLAGS_set=set
ac_cv_env_CFLAGS_value='-g -O2'
ac_cv_env_CPPFLAGS_set=
ac_cv_env_CPPFLAGS_value=
ac_cv_env_CPP_set=
ac_cv_env_CPP_value=
ac_cv_env_LDFLAGS_set=set
ac_cv_env_LDFLAGS_value=' '
ac_cv_env_LIBS_set=
ac_cv_env_LIBS_value=
ac_cv_env_build_alias_set=set
ac_cv_env_build_alias_value=x86_64-pc-linux-gnu
ac_cv_env_host_alias_set=set
ac_cv_env_host_alias_value=x86_64-pc-linux-gnu
ac_cv_env_target_alias_set=set
ac_cv_env_target_alias_value=aarch64-elf-linux
ac_cv_func_getpagesize=yes
ac_cv_func_mmap_fixed_mapped=yes
ac_cv_func_pread=yes
ac_cv_func_qsort_r=yes
ac_cv_have_decl_asprintf=yes
ac_cv_have_decl_bswap_16=yes
ac_cv_have_decl_bswap_32=yes
ac_cv_have_decl_bswap_64=yes
ac_cv_have_decl_stpcpy=yes
ac_cv_have_decl_vasprintf=yes
ac_cv_header_byteswap_h=yes
ac_cv_header_dlfcn_h=yes
ac_cv_header_endian_h=yes
ac_cv_header_inttypes_h=yes
ac_cv_header_memory_h=yes
ac_cv_header_minix_config_h=no
ac_cv_header_stdc=yes
ac_cv_header_stdint_h=yes
ac_cv_header_stdlib_h=yes
ac_cv_header_string_h=yes
ac_cv_header_strings_h=yes
ac_cv_header_sys_param_h=yes
ac_cv_header_sys_stat_h=yes
ac_cv_header_sys_types_h=yes
ac_cv_header_unistd_h=yes
ac_cv_host=x86_64-pc-linux-gnu
ac_cv_libctf_bfd_elf=yes
ac_cv_libctf_macro_O_CLOEXEC=yes
ac_cv_libctf_qsort_r_signature=GNU
ac_cv_objext=o
ac_cv_path_EGREP='/usr/bin/grep -E'
ac_cv_path_FGREP='/usr/bin/grep -F'
ac_cv_path_GREP=/usr/bin/grep
ac_cv_path_SED=/usr/bin/sed
ac_cv_path_mkdir=/usr/bin/mkdir
ac_cv_prog_ACLOCAL='${SHELL} /home/xiaoa/code/crash/gdb-10.2/missing aclocal-1.15'
ac_cv_prog_AR=ar
ac_cv_prog_AUTOCONF='${SHELL} /home/xiaoa/code/crash/gdb-10.2/missing autoconf'
ac_cv_prog_AUTOHEADER='${SHELL} /home/xiaoa/code/crash/gdb-10.2/missing autoheader'
ac_cv_prog_AWK=gawk
ac_cv_prog_CC=gcc
ac_cv_prog_CPP='gcc -E'
ac_cv_prog_OBJDUMP=objdump
ac_cv_prog_RANLIB=ranlib
ac_cv_prog_ac_ct_STRIP=strip
ac_cv_prog_cc_c89=
ac_cv_prog_cc_g=yes
ac_cv_prog_make_make_set=yes
ac_cv_safe_to_define___extensions__=yes
ac_cv_search_dlopen='none required'
ac_cv_sys_file_offset_bits=no
ac_cv_sys_largefile_CC=no
acx_cv_prog_cc_pedantic__Wlong_long=yes
acx_cv_prog_cc_warning__W=yes
acx_cv_prog_cc_warning__Wall=yes
acx_cv_prog_cc_warning__Wmissing_format_attribute=yes
acx_cv_prog_cc_warning__Wmissing_prototypes=yes
acx_cv_prog_cc_warning__Wnarrowing=yes
acx_cv_prog_cc_warning__Wold_style_definition=yes
acx_cv_prog_cc_warning__Wstrict_prototypes=yes
acx_cv_prog_cc_warning__Wwrite_strings=yes
am_cv_CC_dependencies_compiler_type=gcc3
am_cv_ar_interface=ar
am_cv_make_support_nested_variables=yes
am_cv_prog_cc_c_o=yes
lt_cv_deplibs_check_method=pass_all
lt_cv_file_magic_cmd='$MAGIC_CMD'
lt_cv_file_magic_test_file=
lt_cv_ld_reload_flag=-r
lt_cv_nm_interface='BSD nm'
lt_cv_objdir=.libs
lt_cv_path_LD=ld
lt_cv_path_NM=nm
lt_cv_prog_compiler_c_o=yes
lt_cv_prog_compiler_pic_works=yes
lt_cv_prog_compiler_rtti_exceptions=no
lt_cv_prog_compiler_static_works=yes
lt_cv_prog_gnu_ld=yes
lt_cv_shlibpath_overrides_runpath=yes
lt_cv_sys_global_symbol_pipe='sed -n -e '\''s/^.*[	 ]\([ABCDGIRSTW][ABCDGIRSTW]*\)[	 ][	 ]*\([_A-Za-z][_A-Za-z0-9]*\)$/\1 \2 \2/p'\'''
lt_cv_sys_global_symbol_to_c_name_address='sed -n -e '\''s/^: \([^ ]*\) $/  {\"\1\", (void *) 0},/p'\'' -e '\''s/^[ABCDGIRSTW]* \([^ ]*\) \([^ ]*\)$/  {"\2", (void *) \&\2},/p'\'''
lt_cv_sys_global_symbol_to_c_name_address_lib_prefix='sed -n -e '\''s/^: \([^ ]*\) $/  {\"\1\", (void *) 0},/p'\'' -e '\''s/^[ABCDGIRSTW]* \([^ ]*\) \(lib[^ ]*\)$/  {"\2", (void *) \&\2},/p'\'' -e '\''s/^[ABCDGIRSTW]* \([^ ]*\) \([^ ]*\)$/  {"lib\2", (void *) \&\2},/p'\'''
lt_cv_sys_global_symbol_to_cdecl='sed -n -e '\''s/^T .* \(.*\)$/extern int \1();/p'\'' -e '\''s/^[ABCDGIRSTW]* .* \(.*\)$/extern char \1;/p'\'''
lt_cv_sys_max_cmd_len=1572864

## ----------------- ##
## Output variables. ##
## ----------------- ##

ACLOCAL='${SHELL} /home/xiaoa/code/crash/gdb-10.2/missing aclocal-1.15'
AMDEPBACKSLASH='\'
AMDEP_FALSE='#'
AMDEP_TRUE=''
AMTAR='$${TAR-tar}'
AM_BACKSLASH='\'
AM_DEFAULT_V='$(AM_DEFAULT_VERBOSITY)'
AM_DEFAULT_VERBOSITY='1'
AM_V='$(V)'
AR='ar'
AUTOCONF='${SHELL} /home/xiaoa/code/crash/gdb-10.2/missing autoconf'
AUTOHEADER='${SHELL} /home/xiaoa/code/crash/gdb-10.2/missing autoheader'
AUTOMAKE='${SHELL} /home/xiaoa/code/crash/gdb-10.2/missing automake-1.15'
AWK='gawk'
BFD_DEPENDENCIES=''
BFD_LIBADD=''
CATALOGS=''
CATOBJEXT='.gmo'
CC='gcc'
CCDEPMODE='depmode=gcc3'
CFLAGS='-g -O2'
CPP='gcc -E'
CPPFLAGS=''
CYGPATH_W='echo'
DATADIRNAME='share'
DEFS='-DHAVE_CONFIG_H'
DEPDIR='.deps'
DSYMUTIL=''
DUMPBIN=''
ECHO_C=''
ECHO_N='-n'
ECHO_T=''
EGREP='/usr/bin/grep -E'
ENABLE_LIBCTF_HASH_DEBUGGING_FALSE=''
ENABLE_LIBCTF_HASH_DEBUGGING_TRUE='#'
EXEEXT=''
FGREP='/usr/bin/grep -F'
GENCAT='gencat'
GMSGFMT=':'
GREP='/usr/bin/grep'
INCINTL=''
INSTALL_DATA='/usr/bin/install -c -m 644'
INSTALL_LIBBFD_FALSE=''
INSTALL_LIBBFD_TRUE='#'
INSTALL_PROGRAM='/usr/bin/install -c'
INSTALL_SCRIPT='/usr/bin/install -c'
INSTALL_STRIP_PROGRAM='$(install_sh) -c -s'
INSTOBJEXT='.mo'
LD='ld -m elf_x86_64'
LDFLAGS=' '
LIBINTL=''
LIBINTL_DEP=''
LIBOBJS=''
LIBS=''
LIBTOOL='$(SHELL) $(top_builddir)/libtool'
LIPO=''
LN_S='ln -s'
LTLIBOBJS=''
MAINT='#'
MAINTAINER_MODE_FALSE=''
MAINTAINER_MODE_TRUE='#'
MAKEINFO='/home/xiaoa/code/crash/gdb-10.2/missing makeinfo --split-size=5000000'
MKDIR_P='/usr/bin/mkdir -p'
NEED_CTF_QSORT_R_FALSE=''
NEED_CTF_QSORT_R_TRUE='#'
NM='nm'
NMEDIT=''
OBJDUMP='objdump'
OBJEXT='o'
OTOOL64=''
OTOOL=''
PACKAGE='libctf'
PACKAGE_BUGREPORT=''
PACKAGE_NAME='libctf'
PACKAGE_STRING='libctf 1.2.0'
PACKAGE_TARNAME='libctf'
PACKAGE_URL=''
PACKAGE_VERSION='1.2.0'
PATH_SEPARATOR=':'
POSUB='po'
RANLIB='ranlib'
SED='/usr/bin/sed'
SET_MAKE=''
SHARED_LDFLAGS=''
SHARED_LIBADD=''
SHELL='/bin/bash'
STRIP='strip'
USE_NLS='yes'
VERSION='1.2.0'
VERSION_FLAGS='-Wl,--version-script='\''./libctf.ver'\'''
WARN_PEDANTIC='-pedantic -Wno-long-long'
WERROR=''
XGETTEXT=':'
ac_ct_AR=''
ac_ct_CC=''
ac_ct_DUMPBIN=''
ac_libctf_warn_cflags='-Wall'
am__EXEEXT_FALSE=''
am__EXEEXT_TRUE='#'
am__fastdepCC_FALSE='#'
am__fastdepCC_TRUE=''
am__include='include'
am__isrc=''
am__leading_dot='.'
am__nodep='_no'
am__quote=''
am__tar='$${TAR-tar} chof - "$$tardir"'
am__untar='$${TAR-tar} xf -'
bfdincludedir='$(exec_prefix)/$(host_noncanonical)/$(target_noncanonical)/include'
bfdlibdir='$(exec_prefix)/$(host_noncanonical)/$(target_noncanonical)/lib'
bindir='${exec_prefix}/bin'
build='x86_64-pc-linux-gnu'
build_alias='x86_64-pc-linux-gnu'
build_cpu='x86_64'
build_os='linux-gnu'
build_vendor='pc'
c_warn='-Wstrict-prototypes -Wmissing-prototypes -Wold-style-definition'
datadir='${datarootdir}'
datarootdir='${prefix}/share'
docdir='${datarootdir}/doc/${PACKAGE_TARNAME}'
dvidir='${docdir}'
exec_prefix='${prefix}'
host='x86_64-pc-linux-gnu'
host_alias='x86_64-pc-linux-gnu'
host_cpu='x86_64'
host_noncanonical='x86_64-pc-linux-gnu'
host_os='linux-gnu'
host_vendor='pc'
htmldir='${docdir}'
includedir='${prefix}/include'
infodir='${datarootdir}/info'
install_sh='${SHELL} /home/xiaoa/code/crash/gdb-10.2/install-sh'
libdir='${exec_prefix}/lib'
libexecdir='${exec_prefix}/libexec'
localedir='${datarootdir}/locale'
localstatedir='${prefix}/var'
mandir='${datarootdir}/man'
mkdir_p='$(MKDIR_P)'
oldincludedir='/usr/include'
pdfdir='${docdir}'
prefix='/usr/local'
program_transform_name='s&^&aarch64-elf-linux-&'
psdir='${docdir}'
sbindir='${exec_prefix}/sbin'
sharedstatedir='${prefix}/com'
sysconfdir='${prefix}/etc'
target_alias='aarch64-elf-linux'
target_noncanonical='aarch64-elf-linux'
warn='-W -Wall -Wno-narrowing -Wwrite-strings -Wmissing-format-attribute'
zlibdir='-L$(top_builddir)/../zlib'
zlibinc='-I$(top_srcdir)/../zlib'

## ----------- ##
## confdefs.h. ##
## ----------- ##

/* confdefs.h */
#define PACKAGE_NAME "libctf"
#define PACKAGE_TARNAME "libctf"
#define PACKAGE_VERSION "1.2.0"
#define PACKAGE_STRING "libctf 1.2.0"
#define PACKAGE_BUGREPORT ""
#define PACKAGE_URL ""
#define STDC_HEADERS 1
#define HAVE_SYS_TYPES_H 1
#define HAVE_SYS_STAT_H 1
#define HAVE_STDLIB_H 1
#define HAVE_STRING_H 1
#define HAVE_MEMORY_H 1
#define HAVE_STRINGS_H 1
#define HAVE_INTTYPES_H 1
#define HAVE_STDINT_H 1
#define HAVE_UNISTD_H 1
#define __EXTENSIONS__ 1
#define _ALL_SOURCE 1
#define _GNU_SOURCE 1
#define _POSIX_PTHREAD_SEMANTICS 1
#define _TANDEM_SOURCE 1
#define PACKAGE "libctf"
#define VERSION "1.2.0"
#define ENABLE_NLS 1
#define HAVE_DLFCN_H 1
#define LT_OBJDIR ".libs/"
#define HAVE_STDLIB_H 1
#define HAVE_UNISTD_H 1
#define HAVE_SYS_PARAM_H 1
#define HAVE_GETPAGESIZE 1
#define HAVE_MMAP 1
#define HAVE_BFD_ELF 1
#define HAVE_BYTESWAP_H 1
#define HAVE_ENDIAN_H 1
#define HAVE_PREAD 1
#define HAVE_DECL_BSWAP_16 1
#define HAVE_DECL_BSWAP_32 1
#define HAVE_DECL_BSWAP_64 1
#define HAVE_DECL_ASPRINTF 1
#define HAVE_DECL_VASPRINTF 1
#define HAVE_DECL_STPCPY 1
#define HAVE_QSORT_R 1
#define HAVE_QSORT_R_ARG_LAST 1
#define HAVE_O_CLOEXEC 1

configure: exit 0
